M:\Projetos\DOCUMENTOS\Arq Projetistas\OS17012-CYMI\e Torre SLG5 - Verificação Final\g Detalhamento\BR-17012-501-A...Parte Superior Comum-Suporte do Para-Raios.dwg,Model,13/12/2017 08:27:10,lino.cc,TASKalfa-4500i_PROJ.pc3,A3,1:36.6478,
M:\Projetos\DOCUMENTOS\Arq Projetistas\OS17012-CYMI\e Torre SLG5 - Verificação Final\g Detalhamento\BR-17012-503-A...Parte Superior Comum-Trave.dwg,Model,13/12/2017 08:27:12,lino.cc,TASKalfa-4500i_PROJ.pc3,A3,1:36.6532,
M:\Projetos\DOCUMENTOS\Arq Projetistas\OS17012-CYMI\e Torre SLG5 - Verificação Final\g Detalhamento\BR-17012-521-A...Pernas 1.5 e 3.0.dwg,Model,13/12/2017 08:27:15,lino.cc,TASKalfa-4500i_PROJ.pc3,A3,1:36.6551,
M:\Projetos\DOCUMENTOS\Arq Projetistas\OS17012-CYMI\e Torre SLG5 - Verificação Final\g Detalhamento\BR-17012-522-A...Perna 4.5.dwg,Model,13/12/2017 08:27:18,lino.cc,TASKalfa-4500i_PROJ.pc3,A3,1:36.654,
M:\Projetos\DOCUMENTOS\Arq Projetistas\OS17012-CYMI\e Torre SLG5 - Verificação Final\g Detalhamento\BR-17012-525-A...Perna 9.0-Face Transversal.dwg,Model,13/12/2017 08:27:21,lino.cc,TASKalfa-4500i_PROJ.pc3,A3,1:36.6545,
M:\Projetos\DOCUMENTOS\Arq Projetistas\OS17012-CYMI\e Torre SLG5 - Verificação Final\g Detalhamento\BR-17012-527-A...Perna 10.5-Face Transversal.dwg,Model,13/12/2017 08:27:23,lino.cc,TASKalfa-4500i_PROJ.pc3,A3,1:36.6551,
M:\Projetos\DOCUMENTOS\Arq Projetistas\OS17012-CYMI\e Torre SLG5 - Verificação Final\g Detalhamento\BR-17012-529-A...Stub e Tabela de locação.dwg,Model,13/12/2017 08:27:26,lino.cc,TASKalfa-4500i_PROJ.pc3,A3,1:36.6545,
M:\Projetos\DOCUMENTOS\Arq Projetistas\OS17012-CYMI\e Torre SLG5 - Verificação Final\g Detalhamento\BR-17012-501-A...Parte Superior Comum-Suporte do Para-Raios.dwg,Model,13/12/2017 09:01:17,lino.cc,TASKalfa-4500i_PROJ.pc3,A3,1:36.6478,
M:\Projetos\DOCUMENTOS\Arq Projetistas\OS17012-CYMI\d Torre EPG5 - Verificação Final\g Detalhamento\BR-17012-401-A...Viga-Suporte do Para-Raios.dwg,Model,15/12/2017 15:44:37,lino.cc,DWG To PDF.pc3,ISO full bleed A0 (841.00 x 1189.00 MM),1:15.0205,
M:\Projetos\DOCUMENTOS\Arq Projetistas\OS17012-CYMI\d Torre EPG5 - Verificação Final\g Detalhamento\BR-17012-402-A...Viga-Braços.dwg,Model,15/12/2017 15:44:40,lino.cc,DWG To PDF.pc3,ISO full bleed A0 (841.00 x 1189.00 MM),1:15.0219,
M:\Projetos\DOCUMENTOS\Arq Projetistas\OS17012-CYMI\d Torre EPG5 - Verificação Final\g Detalhamento\BR-17012-403-A...Viga-Parte Central.dwg,Model,15/12/2017 15:44:42,lino.cc,DWG To PDF.pc3,ISO full bleed A0 (841.00 x 1189.00 MM),1:15.0205,
M:\Projetos\DOCUMENTOS\Arq Projetistas\OS17012-CYMI\d Torre EPG5 - Verificação Final\g Detalhamento\BR-17012-404-A...Tronco Superior Comum.dwg,Model,15/12/2017 15:44:45,lino.cc,DWG To PDF.pc3,ISO full bleed A0 (841.00 x 1189.00 MM),1:15.0205,
M:\Projetos\DOCUMENTOS\Arq Projetistas\OS17012-CYMI\d Torre EPG5 - Verificação Final\g Detalhamento\BR-17012-405-A...Tronco Inferior Comum, Ext. 3.0m, 4.5m e 6.0m.dwg,Model,15/12/2017 15:44:47,lino.cc,DWG To PDF.pc3,ISO full bleed A0 (841.00 x 1189.00 MM),1:15.0212,
M:\Projetos\DOCUMENTOS\Arq Projetistas\OS17012-CYMI\d Torre EPG5 - Verificação Final\g Detalhamento\BR-17012-401-A...Viga-Suporte do Para-Raios.dwg,Model,15/12/2017 15:45:17,lino.cc,DWG To PDF.pc3,ISO full bleed A0 (841.00 x 1189.00 MM),1:15.0205,
M:\Projetos\DOCUMENTOS\Arq Projetistas\OS17012-CYMI\d Torre EPG5 - Verificação Final\g Detalhamento\BR-17012-402-A...Viga-Braços.dwg,Model,15/12/2017 15:45:19,lino.cc,DWG To PDF.pc3,ISO full bleed A0 (841.00 x 1189.00 MM),1:15.0219,
M:\Projetos\DOCUMENTOS\Arq Projetistas\OS17012-CYMI\d Torre EPG5 - Verificação Final\g Detalhamento\BR-17012-403-A...Viga-Parte Central.dwg,Model,15/12/2017 15:45:22,lino.cc,DWG To PDF.pc3,ISO full bleed A0 (841.00 x 1189.00 MM),1:15.0205,
M:\Projetos\DOCUMENTOS\Arq Projetistas\OS17012-CYMI\d Torre EPG5 - Verificação Final\g Detalhamento\BR-17012-404-A...Tronco Superior Comum.dwg,Model,15/12/2017 15:45:24,lino.cc,DWG To PDF.pc3,ISO full bleed A0 (841.00 x 1189.00 MM),1:15.0205,
M:\Projetos\DOCUMENTOS\Arq Projetistas\OS17012-CYMI\d Torre EPG5 - Verificação Final\g Detalhamento\BR-17012-405-A...Tronco Inferior Comum, Ext. 3.0m, 4.5m e 6.0m.dwg,Model,15/12/2017 15:45:27,lino.cc,DWG To PDF.pc3,ISO full bleed A0 (841.00 x 1189.00 MM),1:15.0212,
M:\Projetos\DOCUMENTOS\Arq Projetistas\OS17XXX-ALUMINI-ELETRODO\Torre AT - Verificação Final\g Detalhamento\BR-XXXXX-110-0A...Stub.dwg,Model,18/12/2017 09:04:11,lino.cc,\\serverpt\TASKalfa-4500i_PROJ,A3,1:43.9763,
M:\Projetos\DOCUMENTOS\Arq Projetistas\OS17XXX-ALUMINI-ELETRODO\Torre AT - Verificação Final\g Detalhamento\BR-17XXX-100-R0A2 - Torre S - Silhueta.dwg,Model,18/12/2017 09:16:35,lino.cc,\\serverpt\TASKalfa-4500i_PROJ,A3,1:2.07068,
